<?xml version="1.0" encoding="UTF-8"?>
<testng-results ignored="0" total="1" passed="0" failed="1" skipped="0">
  <reporter-output>
  </reporter-output>
  <suite started-at="2021-03-30T12:14:05 IST" name="Default suite" finished-at="2021-03-30T12:14:13 IST" duration-ms="8411">
    <groups>
    </groups>
    <test started-at="2021-03-30T12:14:05 IST" name="Default test" finished-at="2021-03-30T12:14:13 IST" duration-ms="8411">
      <class name="DragdropTest">
        <test-method is-config="true" signature="cofig()[pri:0, instance:DragdropTest@3738449f]" started-at="2021-03-30T12:14:05 IST" name="cofig" finished-at="2021-03-30T12:14:05 IST" duration-ms="278" status="PASS">
          <reporter-output>
          </reporter-output>
        </test-method> <!-- cofig -->
        <test-method is-config="true" signature="launched()[pri:0, instance:DragdropTest@3738449f]" started-at="2021-03-30T12:14:05 IST" name="launched" finished-at="2021-03-30T12:14:13 IST" duration-ms="8297" status="PASS">
          <reporter-output>
          </reporter-output>
        </test-method> <!-- launched -->
        <test-method signature="drag()[pri:0, instance:DragdropTest@3738449f]" started-at="2021-03-30T12:14:13 IST" name="drag" finished-at="2021-03-30T12:14:13 IST" duration-ms="58" status="FAIL">
          <exception class="java.lang.NullPointerException">
            <message>
              <![CDATA[Cannot invoke "com.aventstack.extentreports.ExtentTest.log(com.aventstack.extentreports.Status, String)" because "this.logger" is null]]>
            </message>
            <full-stacktrace>
              <![CDATA[java.lang.NullPointerException: Cannot invoke "com.aventstack.extentreports.ExtentTest.log(com.aventstack.extentreports.Status, String)" because "this.logger" is null
at com.bs.pageobjects.DragandDrop.dragdrop(DragandDrop.java:27)
at DragdropTest.drag(DragdropTest.java:17)
at java.base/jdk.internal.reflect.NativeMethodAccessorImpl.invoke0(Native Method)
at java.base/jdk.internal.reflect.NativeMethodAccessorImpl.invoke(NativeMethodAccessorImpl.java:64)
at java.base/jdk.internal.reflect.DelegatingMethodAccessorImpl.invoke(DelegatingMethodAccessorImpl.java:43)
at java.base/java.lang.reflect.Method.invoke(Method.java:564)
at org.testng.internal.MethodInvocationHelper.invokeMethod(MethodInvocationHelper.java:134)
at org.testng.internal.TestInvoker.invokeMethod(TestInvoker.java:597)
at org.testng.internal.TestInvoker.invokeTestMethod(TestInvoker.java:173)
at org.testng.internal.MethodRunner.runInSequence(MethodRunner.java:46)
at org.testng.internal.TestInvoker$MethodInvocationAgent.invoke(TestInvoker.java:816)
at org.testng.internal.TestInvoker.invokeTestMethods(TestInvoker.java:146)
at org.testng.internal.TestMethodWorker.invokeTestMethods(TestMethodWorker.java:146)
at org.testng.internal.TestMethodWorker.run(TestMethodWorker.java:128)
at java.base/java.util.ArrayList.forEach(ArrayList.java:1511)
at org.testng.TestRunner.privateRun(TestRunner.java:766)
at org.testng.TestRunner.run(TestRunner.java:587)
at org.testng.SuiteRunner.runTest(SuiteRunner.java:384)
at org.testng.SuiteRunner.runSequentially(SuiteRunner.java:378)
at org.testng.SuiteRunner.privateRun(SuiteRunner.java:337)
at org.testng.SuiteRunner.run(SuiteRunner.java:286)
at org.testng.SuiteRunnerWorker.runSuite(SuiteRunnerWorker.java:53)
at org.testng.SuiteRunnerWorker.run(SuiteRunnerWorker.java:96)
at org.testng.TestNG.runSuitesSequentially(TestNG.java:1187)
at org.testng.TestNG.runSuitesLocally(TestNG.java:1109)
at org.testng.TestNG.runSuites(TestNG.java:1039)
at org.testng.TestNG.run(TestNG.java:1007)
at org.testng.remote.AbstractRemoteTestNG.run(AbstractRemoteTestNG.java:115)
at org.testng.remote.RemoteTestNG.initAndRun(RemoteTestNG.java:251)
at org.testng.remote.RemoteTestNG.main(RemoteTestNG.java:77)
]]>
            </full-stacktrace>
          </exception> <!-- java.lang.NullPointerException -->
          <reporter-output>
          </reporter-output>
        </test-method> <!-- drag -->
        <test-method is-config="true" signature="afterSuite()[pri:0, instance:DragdropTest@3738449f]" started-at="2021-03-30T12:14:13 IST" name="afterSuite" finished-at="2021-03-30T12:14:13 IST" duration-ms="4" status="PASS">
          <reporter-output>
          </reporter-output>
        </test-method> <!-- afterSuite -->
      </class> <!-- DragdropTest -->
    </test> <!-- Default test -->
  </suite> <!-- Default suite -->
</testng-results>
